<?xml version="1.0" encoding="UTF-8"?>
<!-- Generated by org.testng.reporters.JUnitXMLReporter -->
<testsuite hostname="DESKTOP-B2220QC" ignored="0" name="ChromeTest" tests="2" failures="0" timestamp="2021-10-18T20:49:58 IST" time="7.191" errors="0">
  <testcase name="@BeforeClass beforeClass" time="0.001" classname="Selenium.NewTest">
    <failure type="java.lang.Error" message="Unresolved compilation problems: 
	object cannot be resolved to a type
	Syntax error on token &amp;quot;all&amp;quot;, ; expected
	POM cannot be resolved to a type
	Syntax error, insert &amp;quot;;&amp;quot; to complete LocalVariableDeclarationStatement
">
      <![CDATA[java.lang.Error: Unresolved compilation problems: 
object cannot be resolved to a type
Syntax error on token "all", ; expected
POM cannot be resolved to a type
Syntax error, insert ";" to complete LocalVariableDeclarationStatement

at Selenium.NewTest.beforeClass(NewTest.java:46)
at java.util.ArrayList.forEach(Unknown Source)
... Removed 25 stack frames]]>
    </failure>
  </testcase> <!-- @BeforeClass beforeClass -->
  <testcase name="@BeforeMethod beforeMethod" time="-1.634570398528E9" classname="Selenium.NewTest">
    <skipped/>
  </testcase> <!-- @BeforeMethod beforeMethod -->
  <testcase name="@AfterMethod afterMethod" time="-1.634570398544E9" classname="Selenium.NewTest">
    <skipped/>
  </testcase> <!-- @AfterMethod afterMethod -->
  <testcase name="@BeforeMethod beforeMethod" time="-1.634570398549E9" classname="Selenium.NewTest">
    <skipped/>
  </testcase> <!-- @BeforeMethod beforeMethod -->
  <testcase name="@AfterMethod afterMethod" time="-1.634570398559E9" classname="Selenium.NewTest">
    <skipped/>
  </testcase> <!-- @AfterMethod afterMethod -->
  <testcase name="@AfterClass afterClass" time="-1.634570398562E9" classname="Selenium.NewTest">
    <skipped/>
  </testcase> <!-- @AfterClass afterClass -->
  <testcase name="testB" time="0.0" classname="Selenium.NewTest">
    <skipped/>
  </testcase> <!-- testB -->
  <testcase name="toVerifyHomePage" time="0.0" classname="Selenium.NewTest">
    <skipped/>
  </testcase> <!-- toVerifyHomePage -->
</testsuite> <!-- ChromeTest -->
